\BOOKMARK [2][-]{subsection.0.1}{\376\377\000I\000n\000t\000r\000o\000d\000u\000c\000t\000i\000o\000n\000\040\000a\000n\000d\000\040\000M\000o\000t\000i\000v\000a\000t\000i\000o\000n\000:\000\040\000W\000h\000y\000\040\000C\000o\000m\000p\000r\000e\000s\000s\000\040\000D\000a\000t\000a\000?}{}% 1
\BOOKMARK [3][-]{subsubsection.0.1.1}{\376\377\000R\000e\000a\000l\000-\000W\000o\000r\000l\000d\000\040\000M\000o\000t\000i\000v\000a\000t\000i\000o\000n\000:\000\040\000A\000\040\000C\000o\000n\000c\000r\000e\000t\000e\000\040\000E\000x\000a\000m\000p\000l\000e}{subsection.0.1}% 2
\BOOKMARK [3][-]{subsubsection.0.1.2}{\376\377\000T\000h\000e\000\040\000E\000c\000o\000n\000o\000m\000i\000c\000s\000\040\000o\000f\000\040\000C\000o\000m\000p\000r\000e\000s\000s\000i\000o\000n}{subsection.0.1}% 3
\BOOKMARK [2][-]{subsection.0.2}{\376\377\000L\000o\000s\000s\000l\000e\000s\000s\000\040\000v\000s\000.\000\040\000L\000o\000s\000s\000y\000\040\000C\000o\000m\000p\000r\000e\000s\000s\000i\000o\000n\000:\000\040\000A\000\040\000D\000e\000t\000a\000i\000l\000e\000d\000\040\000C\000o\000m\000p\000a\000r\000i\000s\000o\000n}{}% 4
\BOOKMARK [3][-]{subsubsection.0.2.1}{\376\377\000L\000o\000s\000s\000l\000e\000s\000s\000\040\000C\000o\000m\000p\000r\000e\000s\000s\000i\000o\000n\000:\000\040\000P\000e\000r\000f\000e\000c\000t\000\040\000R\000e\000c\000o\000n\000s\000t\000r\000u\000c\000t\000i\000o\000n}{subsection.0.2}% 5
\BOOKMARK [3][-]{subsubsection.0.2.2}{\376\377\000L\000o\000s\000s\000y\000\040\000C\000o\000m\000p\000r\000e\000s\000s\000i\000o\000n\000:\000\040\000I\000n\000t\000e\000l\000l\000i\000g\000e\000n\000t\000\040\000A\000p\000p\000r\000o\000x\000i\000m\000a\000t\000i\000o\000n}{subsection.0.2}% 6
\BOOKMARK [3][-]{subsubsection.0.2.3}{\376\377\000W\000h\000e\000n\000\040\000t\000o\000\040\000U\000s\000e\000\040\000W\000h\000i\000c\000h\000?\000\040\000D\000e\000c\000i\000s\000i\000o\000n\000\040\000F\000a\000c\000t\000o\000r\000s}{subsection.0.2}% 7
\BOOKMARK [2][-]{subsection.0.3}{\376\377\000P\000e\000r\000f\000o\000r\000m\000a\000n\000c\000e\000\040\000M\000e\000t\000r\000i\000c\000s\000:\000\040\000B\000e\000y\000o\000n\000d\000\040\000S\000i\000m\000p\000l\000e\000\040\000R\000a\000t\000i\000o\000s}{}% 8
\BOOKMARK [3][-]{subsubsection.0.3.1}{\376\377\000C\000o\000m\000p\000r\000e\000s\000s\000i\000o\000n\000\040\000R\000a\000t\000i\000o\000\040\000a\000n\000d\000\040\000S\000a\000v\000i\000n\000g\000s}{subsection.0.3}% 9
\BOOKMARK [3][-]{subsubsection.0.3.2}{\376\377\000B\000i\000t\000-\000r\000a\000t\000e\000:\000\040\000T\000h\000e\000\040\000Q\000u\000a\000l\000i\000t\000y\000\040\000C\000o\000n\000t\000r\000o\000l\000\040\000K\000n\000o\000b}{subsection.0.3}% 10
\BOOKMARK [3][-]{subsubsection.0.3.3}{\376\377\000T\000i\000m\000e\000\040\000a\000n\000d\000\040\000S\000p\000a\000c\000e\000\040\000T\000r\000a\000d\000e\000-\000o\000f\000f\000s}{subsection.0.3}% 11
\BOOKMARK [2][-]{subsection.0.4}{\376\377\000I\000n\000f\000o\000r\000m\000a\000t\000i\000o\000n\000\040\000a\000n\000d\000\040\000R\000e\000d\000u\000n\000d\000a\000n\000c\000y\000:\000\040\000T\000h\000e\000\040\000C\000o\000r\000e\000\040\000C\000o\000n\000c\000e\000p\000t\000s}{}% 12
\BOOKMARK [3][-]{subsubsection.0.4.1}{\376\377\000I\000n\000f\000o\000r\000m\000a\000t\000i\000o\000n\000:\000\040\000Q\000u\000a\000n\000t\000i\000f\000y\000i\000n\000g\000\040\000S\000u\000r\000p\000r\000i\000s\000e}{subsection.0.4}% 13
\BOOKMARK [3][-]{subsubsection.0.4.2}{\376\377\000R\000e\000d\000u\000n\000d\000a\000n\000c\000y\000:\000\040\000T\000h\000e\000\040\000E\000n\000e\000m\000y\000\040\000o\000f\000\040\000C\000o\000m\000p\000r\000e\000s\000s\000i\000o\000n}{subsection.0.4}% 14
\BOOKMARK [2][-]{subsection.0.5}{\376\377\000E\000n\000t\000r\000o\000p\000y\000:\000\040\000T\000h\000e\000\040\000F\000u\000n\000d\000a\000m\000e\000n\000t\000a\000l\000\040\000L\000i\000m\000i\000t}{}% 15
\BOOKMARK [3][-]{subsubsection.0.5.1}{\376\377\000C\000a\000l\000c\000u\000l\000a\000t\000i\000n\000g\000\040\000E\000n\000t\000r\000o\000p\000y\000:\000\040\000S\000t\000e\000p\000\040\000b\000y\000\040\000S\000t\000e\000p}{subsection.0.5}% 16
\BOOKMARK [3][-]{subsubsection.0.5.2}{\376\377\000E\000n\000t\000r\000o\000p\000y\000\040\000o\000f\000\040\000E\000n\000g\000l\000i\000s\000h\000\040\000T\000e\000x\000t}{subsection.0.5}% 17
\BOOKMARK [3][-]{subsubsection.0.5.3}{\376\377\000T\000h\000e\000\040\000E\000n\000t\000r\000o\000p\000y\000\040\000T\000h\000e\000o\000r\000e\000m\000:\000\040\000W\000h\000y\000\040\000I\000t\000\040\000M\000a\000t\000t\000e\000r\000s}{subsection.0.5}% 18
\BOOKMARK [2][-]{subsection.0.6}{\376\377\000A\000p\000p\000l\000i\000c\000a\000t\000i\000o\000n\000\040\000D\000o\000m\000a\000i\000n\000s\000:\000\040\000S\000p\000e\000c\000i\000a\000l\000i\000z\000e\000d\000\040\000R\000e\000q\000u\000i\000r\000e\000m\000e\000n\000t\000s}{}% 19
\BOOKMARK [3][-]{subsubsection.0.6.1}{\376\377\000T\000e\000x\000t\000\040\000a\000n\000d\000\040\000C\000o\000d\000e\000\040\000C\000o\000m\000p\000r\000e\000s\000s\000i\000o\000n}{subsection.0.6}% 20
\BOOKMARK [3][-]{subsubsection.0.6.2}{\376\377\000M\000u\000l\000t\000i\000m\000e\000d\000i\000a\000\040\000C\000o\000m\000p\000r\000e\000s\000s\000i\000o\000n}{subsection.0.6}% 21
\BOOKMARK [3][-]{subsubsection.0.6.3}{\376\377\000S\000c\000i\000e\000n\000t\000i\000f\000i\000c\000\040\000a\000n\000d\000\040\000M\000e\000d\000i\000c\000a\000l\000\040\000D\000a\000t\000a}{subsection.0.6}% 22
\BOOKMARK [2][-]{subsection.0.7}{\376\377\000T\000h\000e\000\040\000C\000o\000m\000p\000r\000e\000s\000s\000i\000o\000n\000\040\000P\000i\000p\000e\000l\000i\000n\000e\000:\000\040\000H\000o\000w\000\040\000C\000o\000m\000p\000r\000e\000s\000s\000o\000r\000s\000\040\000A\000c\000t\000u\000a\000l\000l\000y\000\040\000W\000o\000r\000k}{}% 23
\BOOKMARK [3][-]{subsubsection.0.7.1}{\376\377\000M\000o\000d\000e\000l\000i\000n\000g\000\040\000S\000t\000r\000a\000t\000e\000g\000i\000e\000s\000\040\000i\000n\000\040\000P\000r\000a\000c\000t\000i\000c\000e}{subsection.0.7}% 24
\BOOKMARK [2][-]{subsection.0.8}{\376\377\000I\000m\000p\000o\000r\000t\000a\000n\000t\000\040\000T\000e\000r\000m\000i\000n\000o\000l\000o\000g\000y\000\040\000a\000n\000d\000\040\000C\000o\000n\000c\000e\000p\000t\000s}{}% 25
\BOOKMARK [3][-]{subsubsection.0.8.1}{\376\377\000K\000e\000y\000\040\000D\000e\000f\000i\000n\000i\000t\000i\000o\000n\000s\000\040\000w\000i\000t\000h\000\040\000E\000x\000a\000m\000p\000l\000e\000s}{subsection.0.8}% 26
\BOOKMARK [3][-]{subsubsection.0.8.2}{\376\377\000T\000h\000e\000\040\000F\000u\000n\000d\000a\000m\000e\000n\000t\000a\000l\000\040\000I\000n\000s\000i\000g\000h\000t}{subsection.0.8}% 27
\BOOKMARK [2][-]{subsection.0.9}{\376\377\000H\000o\000m\000e\000w\000o\000r\000k\000\040\000A\000s\000s\000i\000g\000n\000m\000e\000n\000t\000:\000\040\000P\000r\000a\000c\000t\000i\000c\000a\000l\000\040\000E\000x\000e\000r\000c\000i\000s\000e\000s}{}% 28
\BOOKMARK [2][-]{subsection.0.10}{\376\377\000L\000o\000o\000k\000i\000n\000g\000\040\000A\000h\000e\000a\000d\000:\000\040\000W\000h\000a\000t\000'\000s\000\040\000N\000e\000x\000t\000?}{}% 29
\BOOKMARK [2][-]{subsection.0.11}{\376\377\000S\000h\000a\000n\000n\000o\000n\000'\000s\000\040\000S\000o\000u\000r\000c\000e\000\040\000C\000o\000d\000i\000n\000g\000\040\000T\000h\000e\000o\000r\000e\000m}{}% 30
\BOOKMARK [3][-]{subsubsection.0.11.1}{\376\377\000I\000n\000t\000e\000r\000p\000r\000e\000t\000a\000t\000i\000o\000n}{subsection.0.11}% 31
\BOOKMARK [2][-]{subsection.0.12}{\376\377\000T\000y\000p\000e\000s\000\040\000o\000f\000\040\000C\000o\000d\000e\000s}{}% 32
\BOOKMARK [3][-]{subsubsection.0.12.1}{\376\377\000N\000o\000n\000-\000s\000i\000n\000g\000u\000l\000a\000r\000\040\000C\000o\000d\000e\000s}{subsection.0.12}% 33
\BOOKMARK [3][-]{subsubsection.0.12.2}{\376\377\000U\000n\000i\000q\000u\000e\000l\000y\000\040\000D\000e\000c\000o\000d\000a\000b\000l\000e\000\040\000C\000o\000d\000e\000s}{subsection.0.12}% 34
\BOOKMARK [3][-]{subsubsection.0.12.3}{\376\377\000P\000r\000e\000f\000i\000x\000\040\000C\000o\000d\000e\000s\000\040\000\050\000I\000n\000s\000t\000a\000n\000t\000a\000n\000e\000o\000u\000s\000\040\000C\000o\000d\000e\000s\000\051}{subsection.0.12}% 35
\BOOKMARK [2][-]{subsection.0.13}{\376\377\000K\000r\000a\000f\000t\000-\000M\000c\000M\000i\000l\000l\000a\000n\000\040\000I\000n\000e\000q\000u\000a\000l\000i\000t\000y}{}% 36
\BOOKMARK [3][-]{subsubsection.0.13.1}{\376\377\000I\000m\000p\000l\000i\000c\000a\000t\000i\000o\000n\000s}{subsection.0.13}% 37
\BOOKMARK [2][-]{subsection.0.14}{\376\377\000C\000o\000n\000s\000t\000r\000u\000c\000t\000i\000n\000g\000\040\000P\000r\000e\000f\000i\000x\000\040\000C\000o\000d\000e\000s}{}% 38
\BOOKMARK [3][-]{subsubsection.0.14.1}{\376\377\000B\000i\000n\000a\000r\000y\000\040\000T\000r\000e\000e\000\040\000R\000e\000p\000r\000e\000s\000e\000n\000t\000a\000t\000i\000o\000n}{subsection.0.14}% 39
\BOOKMARK [2][-]{subsection.0.15}{\376\377\000O\000p\000t\000i\000m\000a\000l\000\040\000C\000o\000d\000e\000\040\000L\000e\000n\000g\000t\000h\000s}{}% 40
\BOOKMARK [2][-]{subsection.0.16}{\376\377\000C\000o\000d\000e\000\040\000E\000f\000f\000i\000c\000i\000e\000n\000c\000y\000\040\000a\000n\000d\000\040\000R\000e\000d\000u\000n\000d\000a\000n\000c\000y}{}% 41
\BOOKMARK [3][-]{subsubsection.0.16.1}{\376\377\000U\000p\000p\000e\000r\000\040\000B\000o\000u\000n\000d\000\040\000o\000n\000\040\000E\000f\000f\000i\000c\000i\000e\000n\000c\000y}{subsection.0.16}% 42
\BOOKMARK [2][-]{subsection.0.17}{\376\377\000E\000x\000t\000e\000n\000d\000e\000d\000\040\000C\000o\000d\000i\000n\000g\000\040\000\050\000B\000l\000o\000c\000k\000\040\000C\000o\000d\000i\000n\000g\000\051}{}% 43
\BOOKMARK [2][-]{subsection.0.18}{\376\377\000P\000r\000o\000o\000f\000\040\000S\000k\000e\000t\000c\000h\000\040\000o\000f\000\040\000S\000h\000a\000n\000n\000o\000n\000'\000s\000\040\000T\000h\000e\000o\000r\000e\000m}{}% 44
\BOOKMARK [3][-]{subsubsection.0.18.1}{\376\377\000L\000o\000w\000e\000r\000\040\000B\000o\000u\000n\000d\000\040\000\050\000L\000\040\000>\000=\000\040\000H\000\050\000X\000\051\000\051}{subsection.0.18}% 45
\BOOKMARK [3][-]{subsubsection.0.18.2}{\376\377\000U\000p\000p\000e\000r\000\040\000B\000o\000u\000n\000d\000\040\000\050\000L\000\040\000<\000\040\000H\000\050\000X\000\051\000\040\000+\000\040\0001\000\051}{subsection.0.18}% 46
\BOOKMARK [2][-]{subsection.0.19}{\376\377\000A\000p\000p\000l\000i\000c\000a\000t\000i\000o\000n\000s\000\040\000a\000n\000d\000\040\000I\000m\000p\000l\000i\000c\000a\000t\000i\000o\000n\000s}{}% 47
\BOOKMARK [2][-]{subsection.0.20}{\376\377\000L\000i\000m\000i\000t\000a\000t\000i\000o\000n\000s\000\040\000a\000n\000d\000\040\000E\000x\000t\000e\000n\000s\000i\000o\000n\000s}{}% 48
\BOOKMARK [3][-]{subsubsection.0.20.1}{\376\377\000A\000s\000s\000u\000m\000p\000t\000i\000o\000n\000s\000\040\000i\000n\000\040\000S\000h\000a\000n\000n\000o\000n\000'\000s\000\040\000T\000h\000e\000o\000r\000e\000m}{subsection.0.20}% 49
\BOOKMARK [3][-]{subsubsection.0.20.2}{\376\377\000E\000x\000t\000e\000n\000s\000i\000o\000n\000s}{subsection.0.20}% 50
\BOOKMARK [2][-]{subsection.0.21}{\376\377\000A\000l\000g\000o\000r\000i\000t\000h\000m\000:\000\040\000C\000o\000n\000s\000t\000r\000u\000c\000t\000i\000n\000g\000\040\000a\000\040\000P\000r\000e\000f\000i\000x\000\040\000C\000o\000d\000e\000\040\000f\000r\000o\000m\000\040\000G\000i\000v\000e\000n\000\040\000L\000e\000n\000g\000t\000h\000s}{}% 51
\BOOKMARK [2][-]{subsection.0.22}{\376\377\000H\000o\000m\000e\000w\000o\000r\000k\000\040\000A\000s\000s\000i\000g\000n\000m\000e\000n\000t}{}% 52
\BOOKMARK [2][-]{subsection.0.23}{\376\377\000R\000e\000a\000d\000i\000n\000g\000\040\000A\000s\000s\000i\000g\000n\000m\000e\000n\000t}{}% 53
\BOOKMARK [2][-]{subsection.0.24}{\376\377\000L\000o\000o\000k\000i\000n\000g\000\040\000A\000h\000e\000a\000d}{}% 54
